2025-04-25 17:23:49,246 - INFO - Conexión exitosa a DESKTOP-92PTT9C/SistemaFacturacion
2025-04-25 17:23:49,259 - INFO - SQL Server Version: Microsoft SQL Server 2022 (RTM-GDR) (KB5046861) - 16.0.1135.2 (X64) 
	Oct 18 2024 15:31:58 
	Copyright (C) 2022 Microsoft Corporation
	Enterprise Evaluation Edition (64-bit) on Windows 10 Pro 10.0 <X64> (Build 26100: )

2025-04-25 17:23:49,292 - INFO - Servidor DESKTOP-92PTT9C resuelto correctamente
2025-04-25 17:23:57,532 - INFO - Conexión exitosa a DESKTOP-92PTT9C/SistemaFacturacion
2025-04-25 17:23:57,532 - INFO - Conexión exitosa a DESKTOP-92PTT9C/SistemaFacturacion
2025-04-25 17:23:57,535 - INFO - SQL Server Version: Microsoft SQL Server 2022 (RTM-GDR) (KB5046861) - 16.0.1135.2 (X64) 
	Oct 18 2024 15:31:58 
	Copyright (C) 2022 Microsoft Corporation
	Enterprise Evaluation Edition (64-bit) on Windows 10 Pro 10.0 <X64> (Build 26100: )

2025-04-25 17:23:57,535 - INFO - SQL Server Version: Microsoft SQL Server 2022 (RTM-GDR) (KB5046861) - 16.0.1135.2 (X64) 
	Oct 18 2024 15:31:58 
	Copyright (C) 2022 Microsoft Corporation
	Enterprise Evaluation Edition (64-bit) on Windows 10 Pro 10.0 <X64> (Build 26100: )

2025-04-25 17:23:57,537 - INFO - Servidor DESKTOP-92PTT9C resuelto correctamente
2025-04-25 17:23:57,537 - INFO - Servidor DESKTOP-92PTT9C resuelto correctamente
2025-04-25 17:24:05,765 - INFO - Conexión exitosa a DESKTOP-92PTT9C/SistemaFacturacion
2025-04-25 17:24:05,765 - INFO - Conexión exitosa a DESKTOP-92PTT9C/SistemaFacturacion
2025-04-25 17:24:05,765 - INFO - Conexión exitosa a DESKTOP-92PTT9C/SistemaFacturacion
2025-04-25 17:24:05,767 - INFO - SQL Server Version: Microsoft SQL Server 2022 (RTM-GDR) (KB5046861) - 16.0.1135.2 (X64) 
	Oct 18 2024 15:31:58 
	Copyright (C) 2022 Microsoft Corporation
	Enterprise Evaluation Edition (64-bit) on Windows 10 Pro 10.0 <X64> (Build 26100: )

2025-04-25 17:24:05,767 - INFO - SQL Server Version: Microsoft SQL Server 2022 (RTM-GDR) (KB5046861) - 16.0.1135.2 (X64) 
	Oct 18 2024 15:31:58 
	Copyright (C) 2022 Microsoft Corporation
	Enterprise Evaluation Edition (64-bit) on Windows 10 Pro 10.0 <X64> (Build 26100: )

2025-04-25 17:24:05,767 - INFO - SQL Server Version: Microsoft SQL Server 2022 (RTM-GDR) (KB5046861) - 16.0.1135.2 (X64) 
	Oct 18 2024 15:31:58 
	Copyright (C) 2022 Microsoft Corporation
	Enterprise Evaluation Edition (64-bit) on Windows 10 Pro 10.0 <X64> (Build 26100: )

2025-04-25 17:24:05,769 - INFO - Servidor DESKTOP-92PTT9C resuelto correctamente
2025-04-25 17:24:05,769 - INFO - Servidor DESKTOP-92PTT9C resuelto correctamente
2025-04-25 17:24:05,769 - INFO - Servidor DESKTOP-92PTT9C resuelto correctamente
2025-04-25 17:24:13,984 - INFO - Conexión exitosa a DESKTOP-92PTT9C/SistemaFacturacion
2025-04-25 17:24:13,984 - INFO - Conexión exitosa a DESKTOP-92PTT9C/SistemaFacturacion
2025-04-25 17:24:13,984 - INFO - Conexión exitosa a DESKTOP-92PTT9C/SistemaFacturacion
2025-04-25 17:24:13,984 - INFO - Conexión exitosa a DESKTOP-92PTT9C/SistemaFacturacion
2025-04-25 17:24:13,988 - INFO - SQL Server Version: Microsoft SQL Server 2022 (RTM-GDR) (KB5046861) - 16.0.1135.2 (X64) 
	Oct 18 2024 15:31:58 
	Copyright (C) 2022 Microsoft Corporation
	Enterprise Evaluation Edition (64-bit) on Windows 10 Pro 10.0 <X64> (Build 26100: )

2025-04-25 17:24:13,988 - INFO - SQL Server Version: Microsoft SQL Server 2022 (RTM-GDR) (KB5046861) - 16.0.1135.2 (X64) 
	Oct 18 2024 15:31:58 
	Copyright (C) 2022 Microsoft Corporation
	Enterprise Evaluation Edition (64-bit) on Windows 10 Pro 10.0 <X64> (Build 26100: )

2025-04-25 17:24:13,988 - INFO - SQL Server Version: Microsoft SQL Server 2022 (RTM-GDR) (KB5046861) - 16.0.1135.2 (X64) 
	Oct 18 2024 15:31:58 
	Copyright (C) 2022 Microsoft Corporation
	Enterprise Evaluation Edition (64-bit) on Windows 10 Pro 10.0 <X64> (Build 26100: )

2025-04-25 17:24:13,988 - INFO - SQL Server Version: Microsoft SQL Server 2022 (RTM-GDR) (KB5046861) - 16.0.1135.2 (X64) 
	Oct 18 2024 15:31:58 
	Copyright (C) 2022 Microsoft Corporation
	Enterprise Evaluation Edition (64-bit) on Windows 10 Pro 10.0 <X64> (Build 26100: )

2025-04-25 17:24:13,992 - INFO - Servidor DESKTOP-92PTT9C resuelto correctamente
2025-04-25 17:24:13,992 - INFO - Servidor DESKTOP-92PTT9C resuelto correctamente
2025-04-25 17:24:13,992 - INFO - Servidor DESKTOP-92PTT9C resuelto correctamente
2025-04-25 17:24:13,992 - INFO - Servidor DESKTOP-92PTT9C resuelto correctamente
2025-04-25 17:24:22,286 - INFO - Conexión exitosa a DESKTOP-92PTT9C/SistemaFacturacion
2025-04-25 17:24:22,286 - INFO - Conexión exitosa a DESKTOP-92PTT9C/SistemaFacturacion
2025-04-25 17:24:22,286 - INFO - Conexión exitosa a DESKTOP-92PTT9C/SistemaFacturacion
2025-04-25 17:24:22,286 - INFO - Conexión exitosa a DESKTOP-92PTT9C/SistemaFacturacion
2025-04-25 17:24:22,286 - INFO - Conexión exitosa a DESKTOP-92PTT9C/SistemaFacturacion
2025-04-25 17:24:22,290 - INFO - SQL Server Version: Microsoft SQL Server 2022 (RTM-GDR) (KB5046861) - 16.0.1135.2 (X64) 
	Oct 18 2024 15:31:58 
	Copyright (C) 2022 Microsoft Corporation
	Enterprise Evaluation Edition (64-bit) on Windows 10 Pro 10.0 <X64> (Build 26100: )

2025-04-25 17:24:22,290 - INFO - SQL Server Version: Microsoft SQL Server 2022 (RTM-GDR) (KB5046861) - 16.0.1135.2 (X64) 
	Oct 18 2024 15:31:58 
	Copyright (C) 2022 Microsoft Corporation
	Enterprise Evaluation Edition (64-bit) on Windows 10 Pro 10.0 <X64> (Build 26100: )

2025-04-25 17:24:22,290 - INFO - SQL Server Version: Microsoft SQL Server 2022 (RTM-GDR) (KB5046861) - 16.0.1135.2 (X64) 
	Oct 18 2024 15:31:58 
	Copyright (C) 2022 Microsoft Corporation
	Enterprise Evaluation Edition (64-bit) on Windows 10 Pro 10.0 <X64> (Build 26100: )

2025-04-25 17:24:22,290 - INFO - SQL Server Version: Microsoft SQL Server 2022 (RTM-GDR) (KB5046861) - 16.0.1135.2 (X64) 
	Oct 18 2024 15:31:58 
	Copyright (C) 2022 Microsoft Corporation
	Enterprise Evaluation Edition (64-bit) on Windows 10 Pro 10.0 <X64> (Build 26100: )

2025-04-25 17:24:22,290 - INFO - SQL Server Version: Microsoft SQL Server 2022 (RTM-GDR) (KB5046861) - 16.0.1135.2 (X64) 
	Oct 18 2024 15:31:58 
	Copyright (C) 2022 Microsoft Corporation
	Enterprise Evaluation Edition (64-bit) on Windows 10 Pro 10.0 <X64> (Build 26100: )

2025-04-25 17:24:22,293 - INFO - Servidor DESKTOP-92PTT9C resuelto correctamente
2025-04-25 17:24:22,293 - INFO - Servidor DESKTOP-92PTT9C resuelto correctamente
2025-04-25 17:24:22,293 - INFO - Servidor DESKTOP-92PTT9C resuelto correctamente
2025-04-25 17:24:22,293 - INFO - Servidor DESKTOP-92PTT9C resuelto correctamente
2025-04-25 17:24:22,293 - INFO - Servidor DESKTOP-92PTT9C resuelto correctamente
2025-04-25 17:24:53,301 - INFO - Conexión cerrada correctamente
2025-04-25 17:24:53,301 - INFO - Conexión cerrada correctamente
2025-04-25 17:24:53,301 - INFO - Conexión cerrada correctamente
2025-04-25 17:24:53,301 - INFO - Conexión cerrada correctamente
2025-04-25 17:24:53,301 - INFO - Conexión cerrada correctamente
2025-04-25 17:24:53,313 - INFO - Conexión cerrada correctamente
2025-04-25 17:24:53,313 - INFO - Conexión cerrada correctamente
2025-04-25 17:24:53,313 - INFO - Conexión cerrada correctamente
2025-04-25 17:24:53,313 - INFO - Conexión cerrada correctamente
2025-04-25 17:24:53,313 - INFO - Conexión cerrada correctamente
2025-04-25 17:24:53,378 - INFO - Conexión cerrada correctamente
2025-04-25 17:24:53,378 - INFO - Conexión cerrada correctamente
2025-04-25 17:24:53,378 - INFO - Conexión cerrada correctamente
2025-04-25 17:24:53,378 - INFO - Conexión cerrada correctamente
2025-04-25 17:24:53,378 - INFO - Conexión cerrada correctamente
2025-04-25 17:24:53,382 - INFO - Conexión cerrada correctamente
2025-04-25 17:24:53,382 - INFO - Conexión cerrada correctamente
2025-04-25 17:24:53,382 - INFO - Conexión cerrada correctamente
2025-04-25 17:24:53,382 - INFO - Conexión cerrada correctamente
2025-04-25 17:24:53,382 - INFO - Conexión cerrada correctamente
2025-04-25 17:24:53,384 - INFO - Conexión cerrada correctamente
2025-04-25 17:24:53,384 - INFO - Conexión cerrada correctamente
2025-04-25 17:24:53,384 - INFO - Conexión cerrada correctamente
2025-04-25 17:24:53,384 - INFO - Conexión cerrada correctamente
2025-04-25 17:24:53,384 - INFO - Conexión cerrada correctamente
